[INFO ] 2024-01-31 02:27:04.172 RestReqFilter:37 - Response code: 200
Response Body:
{
    "code": 200,
    "type": "unknown",
    "message": "1010"
}
You can use following cURL to reproduce the same request

curl --location --request POST https://petstore.swagger.io/v2/user \
--header 'Accept:application/json, application/javascript, text/javascript, text/json'\
--header 'Content-Type:application/json'\
--data-raw '{"id":1010,"username":"testuser1","firstName":"John","lastName":"Canedy","email":"a@gmail.com","password":"test@1","phone":"1234567897","userStatus":0}'
[INFO ] 2024-01-31 02:27:05.474 RestReqFilter:37 - Response code: 200
Response Body:
{
    "code": 200,
    "type": "unknown",
    "message": "1020"
}
You can use following cURL to reproduce the same request

curl --location --request POST https://petstore.swagger.io/v2/user \
--header 'Accept:application/json, application/javascript, text/javascript, text/json'\
--header 'Content-Type:application/json'\
--data-raw '{"id":1020,"username":"testuser2","firstName":"Kim","lastName":"Kom","email":"b@gmail.com","password":"test@2","phone":"1234567897","userStatus":0}'
[INFO ] 2024-01-31 02:27:06.738 RestReqFilter:37 - Response code: 200
Response Body:
{
    "code": 200,
    "type": "unknown",
    "message": "1030"
}
You can use following cURL to reproduce the same request

curl --location --request POST https://petstore.swagger.io/v2/user \
--header 'Accept:application/json, application/javascript, text/javascript, text/json'\
--header 'Content-Type:application/json'\
--data-raw '{"id":1030,"username":"testuser3","firstName":"Smith","lastName":"Steve","email":"c@gmail.com","password":"test@3","phone":"1234567897","userStatus":0}'
[INFO ] 2024-01-31 02:27:08.075 RestReqFilter:37 - Response code: 200
Response Body:
{
    "code": 200,
    "type": "unknown",
    "message": "testuser1"
}
You can use following cURL to reproduce the same request

curl --location --request DELETE https://petstore.swagger.io/v2/user/testuser1 \

[INFO ] 2024-01-31 02:27:09.341 RestReqFilter:37 - Response code: 200
Response Body:
{
    "code": 200,
    "type": "unknown",
    "message": "testuser2"
}
You can use following cURL to reproduce the same request

curl --location --request DELETE https://petstore.swagger.io/v2/user/testuser2 \

[INFO ] 2024-01-31 02:27:10.643 RestReqFilter:37 - Response code: 200
Response Body:
{
    "code": 200,
    "type": "unknown",
    "message": "testuser3"
}
You can use following cURL to reproduce the same request

curl --location --request DELETE https://petstore.swagger.io/v2/user/testuser3 \

[INFO ] 2024-01-31 02:28:47.281 RestReqFilter:37 - Response code: 200
Response Body:
{
    "code": 200,
    "type": "unknown",
    "message": "1010"
}
You can use following cURL to reproduce the same request

curl --location --request POST https://petstore.swagger.io/v2/user \
--header 'Accept:application/json, application/javascript, text/javascript, text/json'\
--header 'Content-Type:application/json'\
--data-raw '{"id":1010,"username":"testuser1","firstName":"John","lastName":"Canedy","email":"a@gmail.com","password":"test@1","phone":"1234567897","userStatus":0}'
[INFO ] 2024-01-31 02:28:48.608 RestReqFilter:37 - Response code: 200
Response Body:
{
    "code": 200,
    "type": "unknown",
    "message": "1020"
}
You can use following cURL to reproduce the same request

curl --location --request POST https://petstore.swagger.io/v2/user \
--header 'Accept:application/json, application/javascript, text/javascript, text/json'\
--header 'Content-Type:application/json'\
--data-raw '{"id":1020,"username":"testuser2","firstName":"Kim","lastName":"Kom","email":"b@gmail.com","password":"test@2","phone":"1234567897","userStatus":0}'
[INFO ] 2024-01-31 02:28:49.886 RestReqFilter:37 - Response code: 200
Response Body:
{
    "code": 200,
    "type": "unknown",
    "message": "1030"
}
You can use following cURL to reproduce the same request

curl --location --request POST https://petstore.swagger.io/v2/user \
--header 'Accept:application/json, application/javascript, text/javascript, text/json'\
--header 'Content-Type:application/json'\
--data-raw '{"id":1030,"username":"testuser3","firstName":"Smith","lastName":"Steve","email":"c@gmail.com","password":"test@3","phone":"1234567897","userStatus":0}'
[INFO ] 2024-01-31 02:28:51.233 RestReqFilter:37 - Response code: 200
Response Body:
{
    "code": 200,
    "type": "unknown",
    "message": "testuser1"
}
You can use following cURL to reproduce the same request

curl --location --request DELETE https://petstore.swagger.io/v2/user/testuser1 \

[INFO ] 2024-01-31 02:28:52.521 RestReqFilter:37 - Response code: 200
Response Body:
{
    "code": 200,
    "type": "unknown",
    "message": "testuser2"
}
You can use following cURL to reproduce the same request

curl --location --request DELETE https://petstore.swagger.io/v2/user/testuser2 \

[INFO ] 2024-01-31 02:28:53.840 RestReqFilter:37 - Response code: 200
Response Body:
{
    "code": 200,
    "type": "unknown",
    "message": "testuser3"
}
You can use following cURL to reproduce the same request

curl --location --request DELETE https://petstore.swagger.io/v2/user/testuser3 \

[INFO ] 2024-01-31 02:32:49.313 RestReqFilter:37 - Response code: 200
Response Body:
{
    "code": 200,
    "type": "unknown",
    "message": "1010"
}
You can use following cURL to reproduce the same request

curl --location --request POST https://petstore.swagger.io/v2/user \
--header 'Accept:application/json, application/javascript, text/javascript, text/json'\
--header 'Content-Type:application/json'\
--data-raw '{"id":1010,"username":"testuser1","firstName":"John","lastName":"Canedy","email":"a@gmail.com","password":"test@1","phone":"1234567897","userStatus":0}'
[INFO ] 2024-01-31 02:32:50.586 RestReqFilter:37 - Response code: 200
Response Body:
{
    "code": 200,
    "type": "unknown",
    "message": "1020"
}
You can use following cURL to reproduce the same request

curl --location --request POST https://petstore.swagger.io/v2/user \
--header 'Accept:application/json, application/javascript, text/javascript, text/json'\
--header 'Content-Type:application/json'\
--data-raw '{"id":1020,"username":"testuser2","firstName":"Kim","lastName":"Kom","email":"b@gmail.com","password":"test@2","phone":"1234567897","userStatus":0}'
[INFO ] 2024-01-31 02:32:51.868 RestReqFilter:37 - Response code: 200
Response Body:
{
    "code": 200,
    "type": "unknown",
    "message": "1030"
}
You can use following cURL to reproduce the same request

curl --location --request POST https://petstore.swagger.io/v2/user \
--header 'Accept:application/json, application/javascript, text/javascript, text/json'\
--header 'Content-Type:application/json'\
--data-raw '{"id":1030,"username":"testuser3","firstName":"Smith","lastName":"Steve","email":"c@gmail.com","password":"test@3","phone":"1234567897","userStatus":0}'
[INFO ] 2024-01-31 02:32:53.234 RestReqFilter:37 - Response code: 200
Response Body:
{
    "code": 200,
    "type": "unknown",
    "message": "testuser1"
}
You can use following cURL to reproduce the same request

curl --location --request DELETE https://petstore.swagger.io/v2/user/testuser1 \

[INFO ] 2024-01-31 02:32:54.540 RestReqFilter:37 - Response code: 200
Response Body:
{
    "code": 200,
    "type": "unknown",
    "message": "testuser2"
}
You can use following cURL to reproduce the same request

curl --location --request DELETE https://petstore.swagger.io/v2/user/testuser2 \

[INFO ] 2024-01-31 02:32:55.796 RestReqFilter:37 - Response code: 200
Response Body:
{
    "code": 200,
    "type": "unknown",
    "message": "testuser3"
}
You can use following cURL to reproduce the same request

curl --location --request DELETE https://petstore.swagger.io/v2/user/testuser3 \

