[INFO ] 2024-01-30 03:36:59.916 RestReqFilter:37 - Response code: 200
Response Body:
{
    "code": 200,
    "type": "unknown",
    "message": "1010"
}
You can use following cURL to reproduce the same request

curl --location --request POST https://petstore.swagger.io/v2/user \
--header 'Accept:application/json, application/javascript, text/javascript, text/json'\
--header 'Content-Type:application/json'\
--data-raw '{"id":1010,"username":"testuser1","firstName":"John","lastName":"Canedy","email":"a@gmail.com","password":"test@1","phone":"1234567897","userStatus":0}'
[INFO ] 2024-01-30 03:37:01.194 RestReqFilter:37 - Response code: 200
Response Body:
{
    "code": 200,
    "type": "unknown",
    "message": "1020"
}
You can use following cURL to reproduce the same request

curl --location --request POST https://petstore.swagger.io/v2/user \
--header 'Accept:application/json, application/javascript, text/javascript, text/json'\
--header 'Content-Type:application/json'\
--data-raw '{"id":1020,"username":"testuser2","firstName":"Kim","lastName":"Kom","email":"b@gmail.com","password":"test@2","phone":"1234567897","userStatus":0}'
[INFO ] 2024-01-30 03:37:02.505 RestReqFilter:37 - Response code: 200
Response Body:
{
    "code": 200,
    "type": "unknown",
    "message": "1030"
}
You can use following cURL to reproduce the same request

curl --location --request POST https://petstore.swagger.io/v2/user \
--header 'Accept:application/json, application/javascript, text/javascript, text/json'\
--header 'Content-Type:application/json'\
--data-raw '{"id":1030,"username":"testuser3","firstName":"Smith","lastName":"Steve","email":"c@gmail.com","password":"test@3","phone":"1234567897","userStatus":0}'
[INFO ] 2024-01-30 03:37:03.883 RestReqFilter:37 - Response code: 200
Response Body:
{
    "code": 200,
    "type": "unknown",
    "message": "testuser1"
}
You can use following cURL to reproduce the same request

curl --location --request DELETE https://petstore.swagger.io/v2/user/testuser1 \

[INFO ] 2024-01-30 03:37:05.173 RestReqFilter:37 - Response code: 200
Response Body:
{
    "code": 200,
    "type": "unknown",
    "message": "testuser2"
}
You can use following cURL to reproduce the same request

curl --location --request DELETE https://petstore.swagger.io/v2/user/testuser2 \

[INFO ] 2024-01-30 03:37:06.469 RestReqFilter:37 - Response code: 200
Response Body:
{
    "code": 200,
    "type": "unknown",
    "message": "testuser3"
}
You can use following cURL to reproduce the same request

curl --location --request DELETE https://petstore.swagger.io/v2/user/testuser3 \

[INFO ] 2024-01-30 07:17:16.541 RestReqFilter:37 - Response code: 200
Response Body:
{
    "code": 200,
    "type": "unknown",
    "message": "1010"
}
You can use following cURL to reproduce the same request

curl --location --request POST https://petstore.swagger.io/v2/user \
--header 'Accept:application/json, application/javascript, text/javascript, text/json'\
--header 'Content-Type:application/json'\
--data-raw '{"id":1010,"username":"testuser1","firstName":"John","lastName":"Canedy","email":"a@gmail.com","password":"test@1","phone":"1234567897","userStatus":0}'
[INFO ] 2024-01-30 07:17:17.824 RestReqFilter:37 - Response code: 200
Response Body:
{
    "code": 200,
    "type": "unknown",
    "message": "1020"
}
You can use following cURL to reproduce the same request

curl --location --request POST https://petstore.swagger.io/v2/user \
--header 'Accept:application/json, application/javascript, text/javascript, text/json'\
--header 'Content-Type:application/json'\
--data-raw '{"id":1020,"username":"testuser2","firstName":"Kim","lastName":"Kom","email":"b@gmail.com","password":"test@2","phone":"1234567897","userStatus":0}'
[INFO ] 2024-01-30 07:17:19.115 RestReqFilter:37 - Response code: 200
Response Body:
{
    "code": 200,
    "type": "unknown",
    "message": "1030"
}
You can use following cURL to reproduce the same request

curl --location --request POST https://petstore.swagger.io/v2/user \
--header 'Accept:application/json, application/javascript, text/javascript, text/json'\
--header 'Content-Type:application/json'\
--data-raw '{"id":1030,"username":"testuser3","firstName":"Smith","lastName":"Steve","email":"c@gmail.com","password":"test@3","phone":"1234567897","userStatus":0}'
[INFO ] 2024-01-30 07:17:20.445 RestReqFilter:37 - Response code: 200
Response Body:
{
    "code": 200,
    "type": "unknown",
    "message": "testuser1"
}
You can use following cURL to reproduce the same request

curl --location --request DELETE https://petstore.swagger.io/v2/user/testuser1 \

[INFO ] 2024-01-30 07:17:21.725 RestReqFilter:37 - Response code: 200
Response Body:
{
    "code": 200,
    "type": "unknown",
    "message": "testuser2"
}
You can use following cURL to reproduce the same request

curl --location --request DELETE https://petstore.swagger.io/v2/user/testuser2 \

[INFO ] 2024-01-30 07:17:23.036 RestReqFilter:37 - Response code: 200
Response Body:
{
    "code": 200,
    "type": "unknown",
    "message": "testuser3"
}
You can use following cURL to reproduce the same request

curl --location --request DELETE https://petstore.swagger.io/v2/user/testuser3 \

